<?xml version="1.0" encoding="UTF-8" ?>
<testsuite tests="1" failures="0" name="knights.BeanFactoryTest" time="0.583" errors="0" skipped="0">
  <properties>
    <property name="idea.version" value="2018.1.5"/>
    <property name="java.runtime.name" value="Java(TM) SE Runtime Environment"/>
    <property name="sun.boot.library.path" value="E:\Java\jdk1.8.0_101\jre\bin"/>
    <property name="java.vm.version" value="25.101-b13"/>
    <property name="java.vm.vendor" value="Oracle Corporation"/>
    <property name="maven.multiModuleProjectDirectory" value="D:\myworkspace\workspace1-my\MySpringDemo"/>
    <property name="java.vendor.url" value="http://java.oracle.com/"/>
    <property name="path.separator" value=";"/>
    <property name="guice.disable.misplaced.annotation.check" value="true"/>
    <property name="java.vm.name" value="Java HotSpot(TM) 64-Bit Server VM"/>
    <property name="file.encoding.pkg" value="sun.io"/>
    <property name="user.script" value=""/>
    <property name="user.country" value="CN"/>
    <property name="sun.java.launcher" value="SUN_STANDARD"/>
    <property name="sun.os.patch.level" value=""/>
    <property name="java.vm.specification.name" value="Java Virtual Machine Specification"/>
    <property name="user.dir" value="D:\myworkspace\workspace1-my\MySpringDemo"/>
    <property name="java.runtime.version" value="1.8.0_101-b13"/>
    <property name="java.awt.graphicsenv" value="sun.awt.Win32GraphicsEnvironment"/>
    <property name="java.endorsed.dirs" value="E:\Java\jdk1.8.0_101\jre\lib\endorsed"/>
    <property name="os.arch" value="amd64"/>
    <property name="java.io.tmpdir" value="C:\Users\Flyin\AppData\Local\Temp\"/>
    <property name="line.separator" value="
"/>
    <property name="java.vm.specification.vendor" value="Oracle Corporation"/>
    <property name="user.variant" value=""/>
    <property name="os.name" value="Windows 10"/>
    <property name="classworlds.conf" value="E:\Java\apache-maven-3.3.9\bin\m2.conf"/>
    <property name="sun.jnu.encoding" value="GBK"/>
    <property name="java.library.path" value="E:\Java\jdk1.8.0_101\bin;C:\WINDOWS\Sun\Java\bin;C:\WINDOWS\system32;C:\WINDOWS;E:\Java\jdk1.8.0_101\bin;E:\Java\jdk1.6.0_06\bin;E:\Java\oracle\app\oracle\product\10.2.0\server\bin;C:\HIAWARD\bin;C:\xBankMIBS\Dll;C:\WINDOWS\system32;C:\WINDOWS;C:\WINDOWS\System32\Wbem;C:\WINDOWS\System32\WindowsPowerShell\v1.0\;E:\Java\mysql-5.7.17-winx64\bin;E:\Java\nodejs\;H:\java\tortoiseSVN\bin;E:\Java\spring-boot-cli-1.4.3.RELEASE\bin;C:\Program Files\TortoiseGit\bin;E:\Java\apache-maven-3.3.9\bin;E:\Java\Git\cmd;C:\Program Files (x86)\ATI Technologies\ATI.ACE\Core-Static;E:\Java\apache-ant-1.8.4\bin;D:\Program Files\VisualSVN Server\bin;C:\Program Files (x86)\Calibre2\;C:\WINDOWS\System32\OpenSSH\;H:\java\Microsoft VS Code\bin;C:\Users\Flyin\AppData\Roaming\npm;C:\Users\Flyin\AppData\Local\Microsoft\WindowsApps;H:\java\Microsoft VS Code\bin;C:\Users\Flyin\AppData\Local\GitHubDesktop\bin;C:\Users\Flyin\AppData\Local\Microsoft\WindowsApps;C:\Users\Flyin\AppData\Local\atom\bin;."/>
    <property name="java.specification.name" value="Java Platform API Specification"/>
    <property name="java.class.version" value="52.0"/>
    <property name="sun.management.compiler" value="HotSpot 64-Bit Tiered Compilers"/>
    <property name="os.version" value="10.0"/>
    <property name="user.home" value="C:\Users\Flyin"/>
    <property name="user.timezone" value="Asia/Shanghai"/>
    <property name="java.awt.printerjob" value="sun.awt.windows.WPrinterJob"/>
    <property name="java.specification.version" value="1.8"/>
    <property name="file.encoding" value="UTF-8"/>
    <property name="user.name" value="flyingzc"/>
    <property name="java.class.path" value="E:\Java\apache-maven-3.3.9\boot\plexus-classworlds-2.5.2.jar;H:\java\IntelliJ IDEA 2018.1.5\lib\idea_rt.jar"/>
    <property name="java.vm.specification.version" value="1.8"/>
    <property name="sun.arch.data.model" value="64"/>
    <property name="java.home" value="E:\Java\jdk1.8.0_101\jre"/>
    <property name="sun.java.command" value="org.codehaus.classworlds.Launcher -Didea.version=2018.1.5 -s E:\Java\apache-maven-3.3.9\conf\settings.xml package -f pom.xml"/>
    <property name="java.specification.vendor" value="Oracle Corporation"/>
    <property name="user.language" value="zh"/>
    <property name="awt.toolkit" value="sun.awt.windows.WToolkit"/>
    <property name="java.vm.info" value="mixed mode"/>
    <property name="java.version" value="1.8.0_101"/>
    <property name="java.ext.dirs" value="E:\Java\jdk1.8.0_101\jre\lib\ext;C:\WINDOWS\Sun\Java\lib\ext"/>
    <property name="sun.boot.class.path" value="E:\Java\jdk1.8.0_101\jre\lib\resources.jar;E:\Java\jdk1.8.0_101\jre\lib\rt.jar;E:\Java\jdk1.8.0_101\jre\lib\sunrsasign.jar;E:\Java\jdk1.8.0_101\jre\lib\jsse.jar;E:\Java\jdk1.8.0_101\jre\lib\jce.jar;E:\Java\jdk1.8.0_101\jre\lib\charsets.jar;E:\Java\jdk1.8.0_101\jre\lib\jfr.jar;E:\Java\jdk1.8.0_101\jre\classes"/>
    <property name="java.vendor" value="Oracle Corporation"/>
    <property name="maven.home" value="E:\Java\apache-maven-3.3.9"/>
    <property name="file.separator" value="\"/>
    <property name="java.vendor.url.bug" value="http://bugreport.sun.com/bugreport/"/>
    <property name="sun.cpu.endian" value="little"/>
    <property name="sun.io.unicode.encoding" value="UnicodeLittle"/>
    <property name="sun.desktop" value="windows"/>
    <property name="sun.cpu.isalist" value="amd64"/>
  </properties>
  <testcase classname="knights.BeanFactoryTest" name="testSimpleLoad" time="0.583"/>
</testsuite>